[2025-02-04T16:04:56.972Z] GET /api/system/healthcheck 200 1.151 ms
[2025-02-04T16:08:00.184Z] GET /api/system/healthcheck 200 {}
[2025-02-04T16:09:35.798Z] GET /api/system/healthcheck 200 {}
[2025-02-04T16:09:39.195Z] GET /api/system/healthcheck 200 {}
[2025-02-05T00:57:23.518Z] POST /api/auth/signin 200 {"email":"name@domain.com","password":"password"}
[2025-02-05T01:09:51.818Z] POST /api/auth/signin 200 {"email":"name@domain.com","password":"password"}
[2025-02-05T01:10:44.021Z] POST /api/auth/signin 200 {"email":"name@domain.com"}
[2025-02-05T01:10:45.610Z] POST /api/auth/signin 200 {"email":"name@domain.com"}
[2025-02-05T01:10:58.360Z] POST /api/auth/signin 200 {"email":"name@domain.com"}
[2025-02-05T01:11:36.500Z] POST /api/auth/signin 200 {"email":"name@domain.com"}
[2025-02-05T01:11:37.999Z] POST /api/auth/signin 200 {"email":"name@domain.com"}
[2025-02-05T01:12:00.976Z] POST /api/auth/signin 500 {"email":"name@domain.com"}
[2025-02-05T01:12:17.415Z] POST /api/auth/signin 500 {"email":"name@domain.com"}
[2025-02-05T09:25:03.270Z] POST /api/auth/signin 500 {"email":"name@domain.com"}
[2025-02-05T09:26:07.947Z] POST /api/auth/signin 500 {"email":"name@domain.com"}
[2025-02-05T09:38:32.585Z] POST /api/auth/signin 400 {"email":"name@domain.com"}
[2025-02-05T09:41:05.209Z] POST /api/auth/signin 400 {"email":"name@domain.com"}
[2025-02-05T09:41:05.983Z] POST /api/auth/signin 400 {"email":"name@domain.com"}
[2025-02-05T09:41:20.360Z] POST /api/auth/signin 400 {"email":"name@domain.com"}
[2025-02-05T10:26:34.732Z] POST /api/auth/signin 400 {"email":"name@domain.com"}
[2025-02-05T10:26:43.055Z] POST /api/auth/signin 200 {"email":"name@domain.com","password":"password"}
[2025-02-05T10:26:51.537Z] POST /api/auth/signin 200 {"email":"name@domain.com","password":"password"}
[2025-02-05T10:46:33.560Z] POST /api/auth/signin 200 {"email":"name@domain.com","password":"password"}
[2025-02-06T09:20:44.416Z] POST /api/auth/signin 200 {"email":"name@domain.com","password":"password"}
[2025-02-06T09:20:46.034Z] POST /api/auth/signin 200 {"email":"name@domain.com","password":"password"}
[2025-02-06T09:20:46.635Z] POST /api/auth/signin 200 {"email":"name@domain.com","password":"password"}
[2025-02-06T09:21:02.621Z] POST /api/auth/signin 200 {"email":"name@domain.com","password":"password"}
[2025-02-06T09:21:36.332Z] POST /api/auth/signin 200 {"email":"name@domain.com","password":"password"}
[2025-02-06T09:22:04.896Z] POST /api/auth/signin 200 {"email":"name@domain.com","password":"password"}
[2025-02-06T09:28:42.724Z] POST /api/auth/signin 400 {"email":"name@domain.com"}
[2025-02-06T09:29:30.800Z] POST /api/auth/signin 200 {"email":"name@domain.com","password":"password"}
[2025-02-06T09:29:31.774Z] POST /api/auth/signin 200 {"email":"name@domain.com","password":"password"}
[2025-02-06T09:29:37.058Z] POST /api/auth/signin 200 {"email":"name@domain.com","password":"password"}
[2025-02-06T09:29:37.984Z] POST /api/auth/signin 200 {"email":"name@domain.com","password":"password"}
[2025-02-06T17:28:57.708Z] POST /api/auth/signin 200 {"email":"name@domain.com","password":"password"}
[2025-02-07T03:51:16.850Z] POST /api/auth/signin 200 {"email":"name@domain.com","password":"password"}
[2025-02-07T03:51:44.338Z] POST /api/auth/signin 200 {"email":"name@domain.com","password":"password"}
[2025-02-07T03:59:12.809Z] POST /api/auth/signin 200 {"email":"name@domain.com","password":"password"}
[2025-02-07T04:00:59.704Z] POST /api/auth/signin 200 {"email":"name@domain.com","password":"password"}
[2025-02-07T04:01:45.160Z] POST /api/auth/signin 200 {"email":"name@domain.com","password":"password"}
[2025-02-07T04:07:12.128Z] POST /api/auth/signin 200 {"email":"name@domain.com","password":"password"}
[2025-02-07T04:07:13.549Z] POST /api/auth/signin 200 {"email":"name@domain.com","password":"password"}
[2025-02-07T04:07:26.766Z] POST /api/auth/signin 200 {"email":"name@domain.com","password":"password"}
[2025-02-07T04:07:27.524Z] POST /api/auth/signin 200 {"email":"name@domain.com","password":"password"}
[2025-02-07T04:07:34.681Z] POST /api/auth/signin 200 {"email":"name@domain.com","password":"password"}
[2025-02-07T04:07:40.057Z] POST /api/auth/signin 200 {"email":"name@domain.com","password":"password"}
[2025-02-07T04:08:02.882Z] POST /api/auth/signin 200 {"email":"name@domain.com","password":"password"}
[2025-02-07T04:08:04.514Z] POST /api/auth/signin 200 {"email":"name@domain.com","password":"password"}
[2025-02-07T04:17:39.833Z] POST /api/auth/signin 200 {"email":"name@domain.com","password":"password"}
[2025-02-07T04:23:55.952Z] POST /api/auth/signin 200 {"email":"name@domain.com","password":"password"}
[2025-02-07T04:25:43.250Z] POST /api/auth/signin 200 {"email":"name@domain.com","password":"password"}
[2025-02-07T04:25:56.940Z] POST /api/auth/signin 200 {"email":"name@domain.com","password":"password"}
[2025-02-07T04:26:08.422Z] POST /api/auth/signin 401 {"email":"name@domain.com","password":"password"}
[2025-02-07T04:26:10.479Z] POST /api/auth/signin 401 {"email":"name@domain.com","password":"password"}
[2025-02-07T12:22:53.369Z] POST /api/auth/signup 422 {"firstName":"first","middleName":"","lastName":"last","email":"name@domain.com","password":"password"}
[2025-02-07T12:22:58.784Z] POST /api/auth/signup 422 {"firstName":"first","middleName":"","lastName":"last","email":"name@domain.com","password":"password"}
[2025-02-07T12:23:48.979Z] POST /api/auth/signup 422 {"firstName":"first","middleName":"","lastName":"last","email":"name@domain.com","password":"password"}
[2025-02-07T12:24:02.934Z] POST /api/auth/signup 422 {"firstName":"first","middleName":"","lastName":"last","email":"name2@domain.com","password":"password"}
[2025-02-07T12:24:05.443Z] POST /api/auth/signup 422 {"firstName":"first","middleName":"","lastName":"last","email":"name3@domain.com","password":"password"}
[2025-02-07T12:29:45.335Z] POST /api/auth/signup 422 {"firstName":"first","middleName":"","lastName":"last","email":"name3@domain.com","password":"password"}
[2025-02-07T12:29:46.656Z] POST /api/auth/signup 422 {"firstName":"first","middleName":"","lastName":"last","email":"name3@domain.com","password":"password"}
[2025-02-07T12:30:04.503Z] POST /api/auth/signup 201 {"firstName":"first","middleName":"","lastName":"last","email":"name3@domain.com","password":"password"}
[2025-02-07T12:30:27.799Z] POST /api/auth/signup 422 {"firstName":"first","middleName":"","lastName":"last","email":"name3@domain.com","password":"password"}
[2025-02-07T12:30:28.905Z] POST /api/auth/signup 422 {"firstName":"first","middleName":"","lastName":"last","email":"name3@domain.com","password":"password"}
[2025-02-07T12:30:31.299Z] POST /api/auth/signup 201 {"firstName":"first","middleName":"","lastName":"last","email":"name2@domain.com","password":"password"}
[2025-02-07T12:30:41.070Z] POST /api/auth/signup 201 {"firstName":"first","middleName":"","lastName":"last","email":"name4@domain.com","password":"password"}
[2025-02-07T12:48:11.274Z] POST /api/auth/signup 201 {"firstName":"first","middleName":"","lastName":"last","email":"name@domain.com","password":"password"}
[2025-02-07T12:56:57.359Z] POST /api/auth/signup 422 {"firstName":"first","middleName":"","lastName":"last","email":"name@domain.com","password":"password"}
[2025-02-07T12:57:01.864Z] POST /api/auth/signup 422 {"firstName":"first","middleName":"","lastName":"last","email":"name@domain.com","password":"password"}
[2025-02-07T12:57:02.364Z] POST /api/auth/signup 422 {"firstName":"first","middleName":"","lastName":"last","email":"name@domain.com","password":"password"}
[2025-02-07T12:58:00.629Z] POST /api/auth/signup 422 {"firstName":"first","middleName":"","lastName":"last","email":"name@domain.com","password":"password"}
[2025-02-07T13:19:25.733Z] POST /api/auth/signup 201 {"firstName":"first","middleName":"","lastName":"last","email":"name@domain.com","password":"password"}
[2025-02-07T13:20:50.083Z] POST /api/auth/signup 201 {"firstName":"first","middleName":"","lastName":"last","email":"name2@domain.com","password":"password"}
[2025-02-07T13:21:27.515Z] POST /api/auth/signin 200 {"email":"name@domain.com","password":"password"}
[2025-02-07T13:21:59.478Z] POST /api/auth/signin 200 {"email":"name@domain.com","password":"password"}
[2025-02-07T13:23:13.035Z] POST /api/auth/signin 200 {"email":"name@domain.com","password":"password"}
[2025-02-07T13:23:22.963Z] GET /api/system/healthcheck 200 {}
[2025-02-07T13:23:26.129Z] POST /api/auth/signin 200 {"email":"name@domain.com","password":"password"}
[2025-02-07T13:24:12.827Z] POST /api/auth/signin 200 {"email":"name@domain.com","password":"password"}
[2025-02-07T13:24:43.753Z] POST /api/auth/signin 200 {"email":"name@domain.com","password":"password"}
[2025-02-07T14:27:59.098Z] POST /api/auth/signin 200 {"email":"name@domain.com","password":"password"}
[2025-02-07T14:28:05.187Z] POST /api/auth/signin 400 {"password":"password"}
[2025-02-07T14:44:02.128Z] POST /api/auth/signin 400 {"password":"password"}
[2025-02-07T14:47:36.716Z] POST /api/auth/signin 200 {"email":"name@domain.com","password":"password"}
[2025-02-07T14:52:09.266Z] POST /api/auth/signin 200 {"email":"name@domain.com","password":"password"}
[2025-02-09T08:37:06.790Z] GET /api/user-roles 404 {}
[2025-02-09T08:37:29.007Z] GET /api/user-roles/ 404 {}
[2025-02-09T08:37:53.528Z] GET /api/user-roles/ 404 {}
[2025-02-09T08:37:54.204Z] GET /api/user-roles/ 404 {}
[2025-02-09T12:50:02.642Z] GET /api/user-roles/ 404 {}
[2025-02-09T12:51:18.207Z] GET /api/user-roles/a 404 {}
[2025-02-09T12:51:29.735Z] GET /api/user-roles/ 404 {}
[2025-02-09T12:51:30.481Z] GET /api/user-roles/ 404 {}
[2025-02-09T12:52:27.384Z] GET /api/system/healthcheck 200 {}
[2025-02-09T12:52:48.904Z] GET /api/user-roles/ 404 {}
[2025-02-09T12:52:57.470Z] POST /api/auth/signin 200 {"email":"name@domain.com","password":"password"}
[2025-02-09T12:53:01.665Z] POST /api/auth/signup 422 {"firstName":"first","middleName":"","lastName":"last","email":"name2@domain.com","password":"password"}
[2025-02-09T12:53:02.624Z] POST /api/auth/signup 422 {"firstName":"first","middleName":"","lastName":"last","email":"name2@domain.com","password":"password"}
[2025-02-09T12:53:06.259Z] POST /api/auth/signup 201 {"firstName":"first","middleName":"","lastName":"last","email":"name3@domain.com","password":"password"}
[2025-02-09T12:53:36.592Z] GET /api/user-roles/list 404 {}
[2025-02-09T12:53:37.450Z] GET /api/user-roles/list 404 {}
[2025-02-09T12:55:14.980Z] GET /api/user-roles/list 404 {}
[2025-02-09T12:55:15.924Z] GET /api/user-roles/list 404 {}
[2025-02-09T12:56:21.763Z] GET /api/user-roles/list 404 {}
[2025-02-09T12:56:23.327Z] GET /api/user-roles/list 404 {}
[2025-02-09T12:56:25.532Z] GET /api/user-roles 200 {}
[2025-02-10T03:51:51.351Z] POST /api/auth/signup 422 {"firstName":"first","middleName":"","lastName":"last","email":"name3@domain.com","password":"password"}
[2025-02-10T03:51:54.709Z] GET /api/system/healthcheck 200 {}
[2025-02-10T03:51:56.657Z] GET /api/user-roles 200 {}
[2025-02-10T04:02:21.432Z] POST /api/user-roles 200 {}
[2025-02-10T04:02:24.647Z] POST /api/user-roles 200 {}
[2025-02-10T04:02:25.226Z] POST /api/user-roles 200 {}
[2025-02-10T04:02:25.634Z] POST /api/user-roles 200 {}
[2025-02-10T04:02:25.995Z] POST /api/user-roles 200 {}
[2025-02-10T04:02:37.552Z] POST /api/user-roles 400 {}
[2025-02-10T04:02:39.778Z] POST /api/user-roles 400 {}
[2025-02-10T04:04:30.294Z] POST /api/user-roles 400 {}
[2025-02-10T04:10:41.512Z] POST /api/user-roles 422 {"name":"staff"}
[2025-02-10T04:20:40.843Z] PATCH /api/user-roles/1 404 {"name":"staff updateddddddd"}
[2025-02-10T04:24:38.384Z] PATCH /api/user-roles/1 400 {"name":"staff updateddddddd"}
[2025-02-10T04:25:06.586Z] PATCH /api/user-roles/1 400 {"name":"staff updateddddddd"}
[2025-02-10T04:25:45.835Z] PATCH /api/user-roles/1 400 {"name":"staff updateddddddd"}
[2025-02-10T04:26:20.507Z] PATCH /api/user-roles/1 400 {"name":"staff updateddddddd"}
[2025-02-10T04:26:35.594Z] PATCH /api/user-roles/1 400 {"name":"staff updateddddddd"}
[2025-02-10T04:27:22.956Z] PATCH /api/user-roles/1 400 {"name":"staff updateddddddd"}
[2025-02-10T04:33:18.291Z] PATCH /api/user-roles/1 200 {"name":"staff updateddddddd"}
[2025-02-10T04:34:13.935Z] PATCH /api/user-roles/1 200 {"name":"staff updateddddddd"}
[2025-02-10T04:37:15.571Z] DELETE /api/user-roles/1 204 {}
[2025-02-10T04:37:20.230Z] GET /api/user-roles 200 {}
[2025-02-10T04:37:21.234Z] GET /api/user-roles 200 {}
[2025-02-10T04:37:29.850Z] POST /api/user-roles 422 {"name":"administrator"}
[2025-02-10T04:37:32.154Z] POST /api/user-roles 422 {"name":"administrator"}
[2025-02-10T04:37:32.661Z] POST /api/user-roles 422 {"name":"administrator"}
[2025-02-10T04:37:32.944Z] POST /api/user-roles 422 {"name":"administrator"}
[2025-02-10T04:37:34.488Z] GET /api/user-roles 200 {}
[2025-02-10T04:38:08.103Z] GET /api/user-roles 200 {}
[2025-02-10T04:38:12.464Z] POST /api/user-roles 422 {"name":"administrator"}
[2025-02-10T04:38:36.562Z] POST /api/user-roles 422 {"name":"administrator"}
[2025-02-10T04:38:43.584Z] POST /api/user-roles 201 {"name":"administrator"}
[2025-02-10T04:38:49.953Z] GET /api/user-roles 200 {}
[2025-02-10T04:38:50.695Z] GET /api/user-roles 200 {}
[2025-02-10T04:38:57.240Z] GET /api/user-roles 200 {}
[2025-02-10T04:40:09.218Z] GET /api/user-roles 200 {}
[2025-02-10T04:40:09.912Z] GET /api/user-roles 200 {}
[2025-02-10T04:40:10.329Z] GET /api/user-roles 200 {}
[2025-02-10T04:40:10.665Z] GET /api/user-roles 200 {}
[2025-02-10T04:40:11.031Z] GET /api/user-roles 200 {}
[2025-02-10T04:40:11.365Z] GET /api/user-roles 200 {}
[2025-02-10T04:40:11.703Z] GET /api/user-roles 200 {}
[2025-02-10T04:40:13.829Z] DELETE /api/user-roles/1 204 {}
[2025-02-10T04:40:15.250Z] GET /api/user-roles 200 {}
[2025-02-10T04:40:15.924Z] GET /api/user-roles 200 {}
[2025-02-10T04:40:16.744Z] GET /api/user-roles 200 {}
[2025-02-10T04:40:17.101Z] GET /api/user-roles 200 {}
[2025-02-10T04:40:18.236Z] DELETE /api/user-roles/1 204 {}
[2025-02-10T04:40:19.261Z] DELETE /api/user-roles/1 204 {}
[2025-02-10T04:42:35.493Z] DELETE /api/user-roles/1 204 {}
[2025-02-10T04:42:36.063Z] DELETE /api/user-roles/1 204 {}
[2025-02-10T04:43:15.324Z] DELETE /api/user-roles/1 200 {}
[2025-02-10T04:43:16.859Z] DELETE /api/user-roles/1 200 {}
[2025-02-10T04:43:30.896Z] GET /api/user-roles 200 {}
[2025-02-10T04:43:33.345Z] GET /api/user-roles 200 {}
[2025-02-10T04:43:38.117Z] DELETE /api/user-roles/4 200 {}
[2025-02-10T04:43:41.141Z] GET /api/user-roles 200 {}
[2025-02-10T04:44:40.771Z] GET /api/user-roles?with-deleted=true 200 {}
[2025-02-10T04:44:41.557Z] GET /api/user-roles?with-deleted=true 200 {}
[2025-02-10T04:47:06.929Z] PATCH /api/user-roles/1 200 {"name":"staff updateddddddd"}
[2025-02-10T04:47:09.607Z] PATCH /api/user-roles/1 200 {"name":"staff updateddddddd"}
[2025-02-10T04:47:52.257Z] PATCH /api/user-roles/1 200 {"name":"staff updateddddddd"}
[2025-02-10T04:48:13.049Z] GET /api/user-roles?with-deleted=true 200 {}
[2025-02-10T04:52:13.483Z] GET /api/user-roles?with-deleted=true 200 {}
[2025-02-10T04:52:25.410Z] GET /api/user-roles?with-deleted=true 200 {}
[2025-02-10T04:55:07.719Z] GET /api/user-roles?with-deleted=true 200 {}
[2025-02-10T04:59:41.018Z] GET /api/user-roles?withDeleted=true 200 {}
[2025-02-10T05:00:50.954Z] GET /api/user-roles?withDeleted=true 200 {}
[2025-02-10T05:00:54.005Z] GET /api/user-roles?withDeleted=false 200 {}
[2025-02-10T05:01:16.350Z] GET /api/user-roles?withDeleted=false 200 {}
[2025-02-10T05:01:47.579Z] GET /api/user-roles?withDeleted=false 200 {}
[2025-02-10T05:01:52.716Z] GET /api/user-roles?withDeleted=true 200 {}
[2025-02-10T05:01:53.802Z] GET /api/user-roles?withDeleted=true 200 {}
[2025-03-07T03:47:40.402Z] POST /api/v1/user-roles 404 {"name":"Student"}
[2025-03-07T03:48:13.259Z] POST /api/v1/user-roles 201 {"name":"Student"}
[2025-03-07T03:48:16.787Z] GET /api/v1/user-roles 200 {}
[2025-03-07T03:48:57.681Z] POST /api/v1/user-roles 201 {"name":"Staff"}
[2025-03-07T03:49:00.575Z] GET /api/v1/user-roles 200 {}
[2025-03-07T04:19:43.876Z] GET /api/v1/system/healthcheck 404 {}
